GL_LOG_FILE log. local time Tue May  1 05:37:16 2018

starting GLFW 3.2.1 Win32 WGL EGL VisualC
renderer: GeForce GTX 1070/PCIe/SSE2
version: 4.6.0 NVIDIA 390.65
creating shader from ../shader/water_vs.glsl...
shader compiled. index 1
creating shader from ../shader/water_fs.glsl...
shader compiled. index 2
created programme 3. attaching shaders 1 and 2...
program 3 GL_VALIDATE_STATUS = GL_TRUE
creating shader from ../shader/diffuse_vs.glsl...
shader compiled. index 4
creating shader from ../shader/diffuse_fs.glsl...
shader compiled. index 5
created programme 6. attaching shaders 4 and 5...
program 6 GL_VALIDATE_STATUS = GL_TRUE
creating shader from ../shader/cube_vs.glsl...
shader compiled. index 7
creating shader from ../shader/cube_fs.glsl...
shader compiled. index 8
created programme 9. attaching shaders 7 and 8...
program 9 GL_VALIDATE_STATUS = GL_TRUE
creating shader from ../shader/texcube_vs.glsl...
shader compiled. index 10
creating shader from ../shader/texcube_fs.glsl...
shader compiled. index 11
created programme 12. attaching shaders 10 and 11...
program 12 GL_VALIDATE_STATUS = GL_TRUE
creating shader from ../shader/refract_vs.glsl...
shader compiled. index 13
creating shader from ../shader/refract_fs.glsl...
shader compiled. index 14
created programme 15. attaching shaders 13 and 14...
program 15 GL_VALIDATE_STATUS = GL_TRUE
creating shader from ../shader/particle_vs.glsl...
shader compiled. index 16
creating shader from ../shader/particle_fs.glsl...
shader compiled. index 17
created programme 18. attaching shaders 16 and 17...
program 18 GL_VALIDATE_STATUS = GL_TRUE
