  Building NVCC (Device) object CMakeFiles/fluidsim_sph_gpu.dir/src/gpu/Release/fluidsim_sph_gpu_generated_fluidsim_system.cu.obj
  fluidsim_system.cu
D:/Ironman/FluidSim_SPH/src/gpu/fluidsim_system.cu(796): warning : variable "rel_vel" was declared but never referenced
  
D:/Ironman/FluidSim_SPH/src/gpu/fluidsim_system.cu(796): warning : variable "rel_vel" was declared but never referenced
  
  fluidsim_system.cu
D:/Ironman/FluidSim_SPH/src/gpu/fluidsim_system.cu(277): warning C4244: 'argument': conversion from 'float' to 'unsigned int', possible loss of data
D:/Ironman/FluidSim_SPH/src/gpu/fluidsim_system.cu(605): warning C4018: '<': signed/unsigned mismatch
D:/Ironman/FluidSim_SPH/src/gpu/fluidsim_system.cu(610): warning C4305: '=': truncation from 'double' to 'float'
D:/Ironman/FluidSim_SPH/src/gpu/fluidsim_system.cu(612): warning C4305: '=': truncation from 'double' to 'float'
  Building NVCC (Device) object CMakeFiles/fluidsim_sph_gpu.dir/src/gpu/Release/fluidsim_sph_gpu_generated_fluidsim_pci_system.cu.obj
  fluidsim_pci_system.cu
D:/Ironman/FluidSim_SPH/src/gpu/fluidsim_pci_system.cu(695): warning : variable "f_pressure" was declared but never referenced
  
D:/Ironman/FluidSim_SPH/src/gpu/fluidsim_pci_system.cu(698): warning : variable "rel_vel" was declared but never referenced
  
D:/Ironman/FluidSim_SPH/src/gpu/fluidsim_pci_system.cu(925): warning : variable "vol" was declared but never referenced
  
D:/Ironman/FluidSim_SPH/src/gpu/fluidsim_pci_system.cu(930): warning : variable "rel_vel" was declared but never referenced
  
D:/Ironman/FluidSim_SPH/src/gpu/fluidsim_pci_system.cu(695): warning : variable "f_pressure" was declared but never referenced
  
D:/Ironman/FluidSim_SPH/src/gpu/fluidsim_pci_system.cu(698): warning : variable "rel_vel" was declared but never referenced
  
D:/Ironman/FluidSim_SPH/src/gpu/fluidsim_pci_system.cu(925): warning : variable "vol" was declared but never referenced
  
D:/Ironman/FluidSim_SPH/src/gpu/fluidsim_pci_system.cu(930): warning : variable "rel_vel" was declared but never referenced
  
  fluidsim_pci_system.cu
D:/Ironman/FluidSim_SPH/src/gpu/fluidsim_pci_system.cu(422): warning C4244: 'argument': conversion from 'float' to 'unsigned int', possible loss of data
  fluidsim_scene_object.cpp
D:\Ironman\FluidSim_SPH\src\fluidsim_scene_object.cpp(121): warning C4244: 'argument': conversion from 'double' to 'float', possible loss of data
D:\Ironman\FluidSim_SPH\src\fluidsim_scene_object.cpp(122): warning C4244: 'argument': conversion from 'double' to 'float', possible loss of data
D:\Ironman\FluidSim_SPH\src\fluidsim_scene_object.cpp(123): warning C4244: 'argument': conversion from 'double' to 'const float', possible loss of data
D:\Ironman\FluidSim_SPH\src\fluidsim_scene_object.cpp(124): warning C4244: 'argument': conversion from 'double' to 'float', possible loss of data
D:\Ironman\FluidSim_SPH\src\fluidsim_scene_object.cpp(125): warning C4244: 'argument': conversion from 'double' to 'float', possible loss of data
D:\Ironman\FluidSim_SPH\src\fluidsim_scene_object.cpp(126): warning C4244: 'argument': conversion from 'double' to 'const float', possible loss of data
D:\Ironman\FluidSim_SPH\src\fluidsim_scene_object.cpp(130): warning C4244: 'argument': conversion from 'double' to 'float', possible loss of data
D:\Ironman\FluidSim_SPH\src\fluidsim_scene_object.cpp(131): warning C4244: 'argument': conversion from 'double' to 'float', possible loss of data
D:\Ironman\FluidSim_SPH\src\fluidsim_scene_object.cpp(132): warning C4244: 'argument': conversion from 'double' to 'const float', possible loss of data
D:\Ironman\FluidSim_SPH\src\fluidsim_scene_object.cpp(133): warning C4244: 'argument': conversion from 'double' to 'float', possible loss of data
D:\Ironman\FluidSim_SPH\src\fluidsim_scene_object.cpp(134): warning C4244: 'argument': conversion from 'double' to 'float', possible loss of data
D:\Ironman\FluidSim_SPH\src\fluidsim_scene_object.cpp(135): warning C4244: 'argument': conversion from 'double' to 'const float', possible loss of data
D:\Ironman\FluidSim_SPH\src\fluidsim_scene_object.cpp(167): warning C4267: '=': conversion from 'size_t' to 'int', possible loss of data
D:\Ironman\FluidSim_SPH\src\fluidsim_scene_object.cpp(221): warning C4267: '=': conversion from 'size_t' to 'int', possible loss of data
fluidsim_gl_utils.obj : warning LNK4006: stbi_load already defined in stb_image.obj; second definition ignored
fluidsim_gl_utils.obj : warning LNK4006: stbi_load_from_memory already defined in stb_image.obj; second definition ignored
fluidsim_gl_utils.obj : warning LNK4006: stbi_load_from_callbacks already defined in stb_image.obj; second definition ignored
fluidsim_gl_utils.obj : warning LNK4006: stbi_load_from_file already defined in stb_image.obj; second definition ignored
fluidsim_gl_utils.obj : warning LNK4006: stbi_loadf already defined in stb_image.obj; second definition ignored
fluidsim_gl_utils.obj : warning LNK4006: stbi_loadf_from_memory already defined in stb_image.obj; second definition ignored
fluidsim_gl_utils.obj : warning LNK4006: stbi_loadf_from_callbacks already defined in stb_image.obj; second definition ignored
fluidsim_gl_utils.obj : warning LNK4006: stbi_loadf_from_file already defined in stb_image.obj; second definition ignored
fluidsim_gl_utils.obj : warning LNK4006: stbi_hdr_to_ldr_gamma already defined in stb_image.obj; second definition ignored
fluidsim_gl_utils.obj : warning LNK4006: stbi_hdr_to_ldr_scale already defined in stb_image.obj; second definition ignored
fluidsim_gl_utils.obj : warning LNK4006: stbi_ldr_to_hdr_gamma already defined in stb_image.obj; second definition ignored
fluidsim_gl_utils.obj : warning LNK4006: stbi_ldr_to_hdr_scale already defined in stb_image.obj; second definition ignored
fluidsim_gl_utils.obj : warning LNK4006: stbi_is_hdr_from_callbacks already defined in stb_image.obj; second definition ignored
fluidsim_gl_utils.obj : warning LNK4006: stbi_is_hdr_from_memory already defined in stb_image.obj; second definition ignored
fluidsim_gl_utils.obj : warning LNK4006: stbi_is_hdr already defined in stb_image.obj; second definition ignored
fluidsim_gl_utils.obj : warning LNK4006: stbi_is_hdr_from_file already defined in stb_image.obj; second definition ignored
fluidsim_gl_utils.obj : warning LNK4006: stbi_failure_reason already defined in stb_image.obj; second definition ignored
fluidsim_gl_utils.obj : warning LNK4006: stbi_image_free already defined in stb_image.obj; second definition ignored
fluidsim_gl_utils.obj : warning LNK4006: stbi_info_from_memory already defined in stb_image.obj; second definition ignored
fluidsim_gl_utils.obj : warning LNK4006: stbi_info_from_callbacks already defined in stb_image.obj; second definition ignored
fluidsim_gl_utils.obj : warning LNK4006: stbi_info already defined in stb_image.obj; second definition ignored
fluidsim_gl_utils.obj : warning LNK4006: stbi_info_from_file already defined in stb_image.obj; second definition ignored
fluidsim_gl_utils.obj : warning LNK4006: stbi_set_unpremultiply_on_load already defined in stb_image.obj; second definition ignored
fluidsim_gl_utils.obj : warning LNK4006: stbi_convert_iphone_png_to_rgb already defined in stb_image.obj; second definition ignored
fluidsim_gl_utils.obj : warning LNK4006: stbi_zlib_decode_malloc_guesssize already defined in stb_image.obj; second definition ignored
fluidsim_gl_utils.obj : warning LNK4006: stbi_zlib_decode_malloc_guesssize_headerflag already defined in stb_image.obj; second definition ignored
fluidsim_gl_utils.obj : warning LNK4006: stbi_zlib_decode_malloc already defined in stb_image.obj; second definition ignored
fluidsim_gl_utils.obj : warning LNK4006: stbi_zlib_decode_buffer already defined in stb_image.obj; second definition ignored
fluidsim_gl_utils.obj : warning LNK4006: stbi_zlib_decode_noheader_malloc already defined in stb_image.obj; second definition ignored
fluidsim_gl_utils.obj : warning LNK4006: stbi_zlib_decode_noheader_buffer already defined in stb_image.obj; second definition ignored
  fluidsim_sph_gpu.vcxproj -> D:\Ironman\FluidSim_SPH\build_gpu\Release\fluidsim_sph_gpu.lib
